  chess_server.cpp
C:\Users\gurpa\OneDrive\바탕 화면\겜공 3학년 1학기\게임 서버\ChessGame\ChessServer\chess_server.cpp(90,38): warning C4305: '+=': 'double'에서 '_Ty'(으)로 잘립니다.
          with
          [
              _Ty=float
          ]
C:\Users\gurpa\OneDrive\바탕 화면\겜공 3학년 1학기\게임 서버\ChessGame\ChessServer\chess_server.cpp(94,38): warning C4305: '-=': 'double'에서 '_Ty'(으)로 잘립니다.
          with
          [
              _Ty=float
          ]
C:\Users\gurpa\OneDrive\바탕 화면\겜공 3학년 1학기\게임 서버\ChessGame\ChessServer\chess_server.cpp(98,38): warning C4305: '-=': 'double'에서 '_Ty'(으)로 잘립니다.
          with
          [
              _Ty=float
          ]
C:\Users\gurpa\OneDrive\바탕 화면\겜공 3학년 1학기\게임 서버\ChessGame\ChessServer\chess_server.cpp(102,38): warning C4305: '+=': 'double'에서 '_Ty'(으)로 잘립니다.
          with
          [
              _Ty=float
          ]
C:\Users\gurpa\OneDrive\바탕 화면\겜공 3학년 1학기\게임 서버\ChessGame\ChessServer\chess_server.cpp(121,17): warning C4244: '=': 'double'에서 '_Ty'(으)로 변환하면서 데이터가 손실될 수 있습니다.
          with
          [
              _Ty=float
          ]
C:\Users\gurpa\OneDrive\바탕 화면\겜공 3학년 1학기\게임 서버\ChessGame\ChessServer\chess_server.cpp(122,16): warning C4305: '=': 'double'에서 '_Ty'(으)로 잘립니다.
          with
          [
              _Ty=float
          ]
C:\Users\gurpa\OneDrive\바탕 화면\겜공 3학년 1학기\게임 서버\ChessGame\ChessServer\chess_server.cpp(125,17): warning C4244: '=': 'double'에서 '_Ty'(으)로 변환하면서 데이터가 손실될 수 있습니다.
          with
          [
              _Ty=float
          ]
C:\Users\gurpa\OneDrive\바탕 화면\겜공 3학년 1학기\게임 서버\ChessGame\ChessServer\chess_server.cpp(126,24): warning C4305: '=': 'double'에서 '_Ty'(으)로 잘립니다.
          with
          [
              _Ty=float
          ]
  ChessServer.vcxproj -> C:\Users\gurpa\OneDrive\바탕 화면\겜공 3학년 1학기\게임 서버\ChessGame\ChessServer\x64\Debug\ChessServer.exe
